<?xml version="1.0" encoding="UTF-8"?>
<testsuite xmlns:xsi="http://www.w3.org/2001/XMLSchema-instance" xsi:noNamespaceSchemaLocation="https://maven.apache.org/surefire/maven-surefire-plugin/xsd/surefire-test-report-3.0.xsd" version="3.0" name="com.garv.todo.service.TodoServiceTest" time="0.618" tests="11" errors="0" skipped="0" failures="0">
  <properties>
[...]
</properties>
  <testcase name="createTodoDefaultsStatusToPendingWhenStatusIsMissing" classname="com.garv.todo.service.TodoServiceTest" time="0.509">
    <system-out><![CDATA[20:17:52.680 [main] INFO com.garv.todo.service.TodoService -- Creating todo with title: Read docs
20:17:52.683 [main] INFO com.garv.todo.service.TodoService -- Todo created with id: 1
]]></system-out>
  </testcase>
  <testcase name="getTodoByIdThrowsExceptionWhenTodoDoesNotExist" classname="com.garv.todo.service.TodoServiceTest" time="0.011">
    <system-out><![CDATA[20:17:52.707 [main] INFO com.garv.todo.service.TodoService -- Fetching todo with id: 99
]]></system-out>
  </testcase>
  <testcase name="deleteTodoDeletesTodoWhenTodoExists" classname="com.garv.todo.service.TodoServiceTest" time="0.008">
    <system-out><![CDATA[20:17:52.721 [main] INFO com.garv.todo.service.TodoService -- Deleting todo with id: 7
20:17:52.721 [main] INFO com.garv.todo.service.TodoService -- Todo deleted with id: 7
]]></system-out>
  </testcase>
  <testcase name="deleteTodoThrowsExceptionWhenTodoDoesNotExist" classname="com.garv.todo.service.TodoServiceTest" time="0.005">
    <system-out><![CDATA[20:17:52.728 [main] INFO com.garv.todo.service.TodoService -- Deleting todo with id: 42
]]></system-out>
  </testcase>
  <testcase name="updateTodoAllowsCompletedToPendingTransition" classname="com.garv.todo.service.TodoServiceTest" time="0.007">
    <system-out><![CDATA[20:17:52.735 [main] INFO com.garv.todo.service.TodoService -- Updating todo with id: 2
20:17:52.735 [main] INFO com.garv.todo.service.TodoService -- Todo updated with id: 2
]]></system-out>
  </testcase>
  <testcase name="getAllTodosReturnsMappedDtos" classname="com.garv.todo.service.TodoServiceTest" time="0.027">
    <system-out><![CDATA[20:17:52.741 [main] INFO com.garv.todo.service.TodoService -- Fetching all todos
]]></system-out>
  </testcase>
  <testcase name="updateTodoThrowsExceptionForUnsupportedNullCurrentStatusTransition" classname="com.garv.todo.service.TodoServiceTest" time="0.007">
    <system-out><![CDATA[20:17:52.771 [main] INFO com.garv.todo.service.TodoService -- Updating todo with id: 5
20:17:52.771 [main] WARN com.garv.todo.service.TodoService -- Invalid todo status transition from null to COMPLETED
]]></system-out>
  </testcase>
  <testcase name="updateTodoKeepsExistingStatusWhenStatusIsMissing" classname="com.garv.todo.service.TodoServiceTest" time="0.005">
    <system-out><![CDATA[20:17:52.778 [main] INFO com.garv.todo.service.TodoService -- Updating todo with id: 3
20:17:52.779 [main] INFO com.garv.todo.service.TodoService -- Todo updated with id: 3
]]></system-out>
  </testcase>
  <testcase name="getTodoByIdReturnsTodoWhenTodoExists" classname="com.garv.todo.service.TodoServiceTest" time="0.006">
    <system-out><![CDATA[20:17:52.785 [main] INFO com.garv.todo.service.TodoService -- Fetching todo with id: 10
]]></system-out>
  </testcase>
  <testcase name="updateTodoAllowsPendingToCompletedTransition" classname="com.garv.todo.service.TodoServiceTest" time="0.007">
    <system-out><![CDATA[20:17:52.793 [main] INFO com.garv.todo.service.TodoService -- Updating todo with id: 1
20:17:52.794 [main] INFO com.garv.todo.service.TodoService -- Todo updated with id: 1
]]></system-out>
  </testcase>
  <testcase name="updateTodoThrowsExceptionWhenTodoDoesNotExist" classname="com.garv.todo.service.TodoServiceTest" time="0.007">
    <system-out><![CDATA[20:17:52.801 [main] INFO com.garv.todo.service.TodoService -- Updating todo with id: 404
]]></system-out>
  </testcase>
</testsuite>